\BOOKMARK [1][-]{section.1}{\376\377\000I\000d\000e\000n\000t\000i\000t\000y\000\040\000i\000n\000f\000o\000r\000m\000a\000t\000i\000o\000n}{}% 1
\BOOKMARK [1][-]{section.2}{\376\377\000D\000o\000o\000m\000\040\000c\000o\000n\000f\000i\000g}{}% 2
\BOOKMARK [1][-]{section.3}{\376\377\000B\000u\000i\000l\000d\000\040\000i\000n\000f\000o\000r\000m\000a\000t\000i\000o\000n}{}% 3
\BOOKMARK [1][-]{section.4}{\376\377\000T\000h\000e\000m\000e}{}% 4
\BOOKMARK [1][-]{section.5}{\376\377\000O\000r\000g\000\040\000S\000e\000t\000u\000p}{}% 5
\BOOKMARK [2][-]{subsection.5.1}{\376\377\000O\000r\000g\000\040\000D\000i\000r\000e\000c\000t\000o\000r\000y}{section.5}% 6
\BOOKMARK [2][-]{subsection.5.2}{\376\377\000H\000i\000d\000e\000\040\000e\000m\000p\000h\000a\000s\000i\000s\000\040\000m\000a\000r\000k\000e\000r\000s}{section.5}% 7
\BOOKMARK [2][-]{subsection.5.3}{\376\377\000O\000r\000g\000\040\000T\000a\000b\000\040\000b\000e\000h\000a\000v\000i\000o\000u\000r}{section.5}% 8
\BOOKMARK [2][-]{subsection.5.4}{\376\377\000o\000r\000g\000\040\000c\000o\000d\000e\000\040\000b\000l\000o\000c\000k\000s}{section.5}% 9
\BOOKMARK [2][-]{subsection.5.5}{\376\377\000F\000u\000n\000c\000t\000i\000o\000n\000s}{section.5}% 10
\BOOKMARK [2][-]{subsection.5.6}{\376\377\000O\000r\000g\000\040\000d\000e\000f\000a\000u\000l\000t\000\040\000i\000m\000a\000g\000e\000\040\000s\000i\000z\000e}{section.5}% 11
\BOOKMARK [2][-]{subsection.5.7}{\376\377\000o\000r\000g\000\040\000k\000e\000y\000m\000a\000p}{section.5}% 12
\BOOKMARK [2][-]{subsection.5.8}{\376\377\000o\000r\000g\000\040\000h\000e\000a\000d\000l\000i\000n\000e}{section.5}% 13
\BOOKMARK [2][-]{subsection.5.9}{\376\377\000o\000r\000g\000-\000f\000a\000n\000c\000y\000-\000p\000r\000i\000o\000r\000i\000t\000i\000e\000s\000-\000m\000o\000d\000e\000\040\000w\000o\000r\000k\000\040\000a\000r\000o\000u\000n\000d}{section.5}% 14
\BOOKMARK [2][-]{subsection.5.10}{\376\377\000o\000r\000g\000-\000s\000a\000f\000e\000-\000v\000a\000r\000i\000a\000b\000l\000e\000s}{section.5}% 15
\BOOKMARK [3][-]{subsubsection.5.10.1}{\376\377\000h\000t\000m\000l\000\040\000e\000x\000p\000o\000r\000t}{subsection.5.10}% 16
\BOOKMARK [3][-]{subsubsection.5.10.2}{\376\377\000L\000a\000t\000e\000x\000\040\000E\000x\000p\000o\000r\000t}{subsection.5.10}% 17
\BOOKMARK [3][-]{subsubsection.5.10.3}{\376\377\000O\000r\000g\000-\000b\000a\000b\000e\000l}{subsection.5.10}% 18
\BOOKMARK [2][-]{subsection.5.11}{\376\377\000f\000o\000r\000m\000a\000t\000\040\000a\000l\000l\000\040\000e\000r\000r\000o\000r}{section.5}% 19
\BOOKMARK [2][-]{subsection.5.12}{\376\377\000g\000n\000u\000p\000l\000o\000t}{section.5}% 20
\BOOKMARK [2][-]{subsection.5.13}{\376\377\000o\000r\000g\000-\000f\000r\000a\000g\000t\000o\000g}{section.5}% 21
\BOOKMARK [2][-]{subsection.5.14}{\376\377\000i\000s\000p\000e\000l\000l}{section.5}% 22
\BOOKMARK [2][-]{subsection.5.15}{\376\377\000S\000t\000a\000r\000t\000u\000p}{section.5}% 23
\BOOKMARK [2][-]{subsection.5.16}{\376\377\000c\000i\000t\000a\000t\000i\000o\000n\000s}{section.5}% 24
\BOOKMARK [2][-]{subsection.5.17}{\376\377\000s\000e\000t\000\040\000h\000e\000a\000d\000e\000r\000\040\000a\000r\000g\000s}{section.5}% 25
\BOOKMARK [2][-]{subsection.5.18}{\376\377\000o\000r\000g\000-\000x\000o\000u\000r\000n\000a\000l\000p\000p}{section.5}% 26
\BOOKMARK [2][-]{subsection.5.19}{\376\377\000D\000i\000s\000a\000b\000l\000e\000\040\000L\000i\000n\000e\000\040\000w\000r\000a\000p\000p\000i\000n\000g}{section.5}% 27
\BOOKMARK [2][-]{subsection.5.20}{\376\377\000O\000r\000g\000\040\000p\000o\000m\000o\000d\000o\000r\000o}{section.5}% 28
\BOOKMARK [2][-]{subsection.5.21}{\376\377\000n\000i\000x\000\040\000h\000a\000c\000k}{section.5}% 29
\BOOKMARK [2][-]{subsection.5.22}{\376\377\000p\000l\000a\000n\000t\000u\000m\000l}{section.5}% 30
\BOOKMARK [1][-]{section.6}{\376\377\000L\000a\000t\000e\000x\000\040\000s\000e\000t\000u\000p}{}% 31
\BOOKMARK [2][-]{subsection.6.1}{\376\377\000U\000s\000e\000\040\000L\000u\000a\000T\000e\000x}{section.6}% 32
\BOOKMARK [2][-]{subsection.6.2}{\376\377\000K\000e\000y\000m\000a\000p}{section.6}% 33
\BOOKMARK [1][-]{section.7}{\376\377\000S\000p\000e\000l\000l\000\040\000s\000e\000t\000u\000p}{}% 34
\BOOKMARK [2][-]{subsection.7.1}{\376\377\000P\000e\000r\000s\000o\000n\000a\000l\000\040\000D\000i\000c\000t\000i\000o\000n\000a\000r\000y}{section.7}% 35
\BOOKMARK [2][-]{subsection.7.2}{\376\377\000F\000i\000x\000\040\000h\000u\000n\000s\000p\000e\000l\000l\000\040\000b\000u\000g}{section.7}% 36
\BOOKMARK [1][-]{section.8}{\376\377\000P\000y\000t\000h\000o\000n\000\040\000s\000e\000t\000u\000p}{}% 37
\BOOKMARK [2][-]{subsection.8.1}{\376\377\000A\000n\000a\000c\000o\000n\000d\000a\000\040\000d\000i\000r\000e\000c\000t\000o\000r\000y}{section.8}% 38
\BOOKMARK [2][-]{subsection.8.2}{\376\377\000L\000S\000P\000\040\000n\000i\000x}{section.8}% 39
\BOOKMARK [1][-]{section.9}{\376\377\000R\000\040\000s\000e\000t\000u\000p}{}% 40
\BOOKMARK [2][-]{subsection.9.1}{\376\377\000k\000e\000y\000m\000a\000p}{section.9}% 41
\BOOKMARK [2][-]{subsection.9.2}{\376\377\000F\000o\000n\000t\000\040\000l\000o\000c\000k\000\040\000k\000e\000y\000w\000o\000r\000d\000s}{section.9}% 42
\BOOKMARK [3][-]{subsubsection.9.2.1}{\376\377\000R\000-\000m\000a\000j\000o\000r\000-\000m\000o\000d\000e}{subsection.9.2}% 43
\BOOKMARK [3][-]{subsubsection.9.2.2}{\376\377\000R\000-\000i\000n\000f\000e\000r\000i\000o\000r\000-\000m\000o\000d\000e}{subsection.9.2}% 44
\BOOKMARK [2][-]{subsection.9.3}{\376\377\000C\000u\000s\000t\000o\000m\000\040\000F\000u\000n\000c\000t\000i\000o\000n\000s}{section.9}% 45
\BOOKMARK [1][-]{section.10}{\376\377\000G\000e\000n\000e\000r\000a\000l\000\040\000c\000o\000n\000f\000i\000g\000u\000r\000a\000t\000i\000o\000n}{}% 46
\BOOKMARK [2][-]{subsection.10.1}{\376\377\000r\000e\000m\000o\000v\000e\000\040\000l\000i\000n\000e\000\040\000n\000u\000m\000b\000e\000r\000s}{section.10}% 47
\BOOKMARK [2][-]{subsection.10.2}{\376\377\000F\000i\000x\000\040\000t\000r\000e\000e\000m\000a\000c\000s\000\040\000a\000c\000e\000-\000w\000i\000n\000d\000o\000w\000\040\000b\000u\000g}{section.10}% 48
\BOOKMARK [2][-]{subsection.10.3}{\376\377\000d\000e\000l\000e\000t\000e\000s\000\040\000c\000o\000m\000p\000i\000l\000a\000t\000i\000o\000n\000\040\000b\000u\000f\000f\000e\000r\000\040\000i\000f\000\040\000s\000u\000c\000c\000e\000s\000s\000f\000u\000l\000\040\000\050\000i\000g\000n\000o\000r\000e\000s\000\040\000p\000y\000t\000h\000o\000n\000\040\000b\000u\000f\000f\000e\000r\000s\000\051}{section.10}% 49
\BOOKMARK [2][-]{subsection.10.4}{\376\377\000l\000i\000g\000a\000t\000u\000r\000e\000s}{section.10}% 50
\BOOKMARK [2][-]{subsection.10.5}{\376\377\000i\000s\000p\000e\000l\000l\000\040\000d\000i\000c\000t\000i\000o\000n\000a\000r\000y}{section.10}% 51
\BOOKMARK [1][-]{section.11}{\376\377\000K\000e\000y\000\040\000M\000a\000p}{}% 52
\BOOKMARK [2][-]{subsection.11.1}{\376\377\000G\000e\000n\000e\000r\000a\000l\000\040\000B\000u\000f\000f\000e\000r\000s}{section.11}% 53
\BOOKMARK [2][-]{subsection.11.2}{\376\377\000P\000y\000t\000h\000o\000n\000\040\000m\000o\000d\000e\000\040\000m\000a\000p}{section.11}% 54
\BOOKMARK [2][-]{subsection.11.3}{\376\377\000p\000r\000o\000l\000o\000g\000\040\000m\000a\000p}{section.11}% 55
\BOOKMARK [2][-]{subsection.11.4}{\376\377\000D\000o\000c\000-\000v\000i\000e\000w\000\040\000m\000o\000d\000e\000\040\000m\000a\000p}{section.11}% 56
\BOOKMARK [2][-]{subsection.11.5}{\376\377\000m\000i\000p\000s\000\040\000m\000o\000d\000e\000\040\000m\000a\000p}{section.11}% 57
\BOOKMARK [2][-]{subsection.11.6}{\376\377\000h\000a\000s\000k\000e\000l\000l\000\040\000m\000a\000p}{section.11}% 58
\BOOKMARK [1][-]{section.12}{\376\377\000r\000e\000m\000o\000t\000e}{}% 59
\BOOKMARK [1][-]{section.13}{\376\377\000H\000e\000l\000p\000f\000u\000l\000\040\000i\000n\000f\000o}{}% 60
\BOOKMARK [2][-]{subsection.13.1}{\376\377\000F\000o\000n\000t\000\040\000v\000a\000r\000i\000a\000b\000l\000e\000s}{section.13}% 61
\BOOKMARK [2][-]{subsection.13.2}{\376\377\000U\000s\000e\000f\000u\000l\000\040\000c\000u\000s\000t\000o\000m\000i\000z\000a\000t\000i\000o\000n\000\040\000f\000u\000n\000c\000t\000i\000o\000n\000s}{section.13}% 62
